{"/home/archie/Desktop/Projects/testing-practice/index.js": {"path":"/home/archie/Desktop/Projects/testing-practice/index.js","statementMap":{"0":{"start":{"line":1,"column":19},"end":{"line":5,"column":1}},"1":{"start":{"line":2,"column":20},"end":{"line":2,"column":47}},"2":{"start":{"line":4,"column":2},"end":{"line":4,"column":34}},"3":{"start":{"line":7,"column":22},"end":{"line":15,"column":1}},"4":{"start":{"line":8,"column":17},"end":{"line":8,"column":19}},"5":{"start":{"line":10,"column":2},"end":{"line":12,"column":3}},"6":{"start":{"line":10,"column":15},"end":{"line":10,"column":29}},"7":{"start":{"line":11,"column":4},"end":{"line":11,"column":26}},"8":{"start":{"line":14,"column":2},"end":{"line":14,"column":27}},"9":{"start":{"line":17,"column":19},"end":{"line":33,"column":1}},"10":{"start":{"line":19,"column":4},"end":{"line":19,"column":17}},"11":{"start":{"line":23,"column":4},"end":{"line":23,"column":17}},"12":{"start":{"line":27,"column":4},"end":{"line":27,"column":17}},"13":{"start":{"line":31,"column":4},"end":{"line":31,"column":17}},"14":{"start":{"line":35,"column":18},"end":{"line":35,"column":46}},"15":{"start":{"line":37,"column":21},"end":{"line":56,"column":1}},"16":{"start":{"line":38,"column":22},"end":{"line":38,"column":24}},"17":{"start":{"line":40,"column":2},"end":{"line":54,"column":3}},"18":{"start":{"line":41,"column":4},"end":{"line":41,"column":66}},"19":{"start":{"line":41,"column":41},"end":{"line":41,"column":66}},"20":{"start":{"line":42,"column":18},"end":{"line":42,"column":48}},"21":{"start":{"line":43,"column":25},"end":{"line":43,"column":46}},"22":{"start":{"line":44,"column":6},"end":{"line":44,"column":30}},"23":{"start":{"line":46,"column":6},"end":{"line":50,"column":7}},"24":{"start":{"line":47,"column":8},"end":{"line":47,"column":58}},"25":{"start":{"line":49,"column":8},"end":{"line":49,"column":37}},"26":{"start":{"line":52,"column":4},"end":{"line":52,"column":67}},"27":{"start":{"line":53,"column":4},"end":{"line":53,"column":38}},"28":{"start":{"line":55,"column":2},"end":{"line":55,"column":30}},"29":{"start":{"line":58,"column":22},"end":{"line":64,"column":1}},"30":{"start":{"line":59,"column":18},"end":{"line":59,"column":36}},"31":{"start":{"line":60,"column":4},"end":{"line":62,"column":5}},"32":{"start":{"line":61,"column":6},"end":{"line":61,"column":18}},"33":{"start":{"line":63,"column":4},"end":{"line":63,"column":17}}},"fnMap":{"0":{"name":"(anonymous_0)","decl":{"start":{"line":1,"column":19},"end":{"line":1,"column":20}},"loc":{"start":{"line":1,"column":28},"end":{"line":5,"column":1}},"line":1},"1":{"name":"(anonymous_1)","decl":{"start":{"line":7,"column":22},"end":{"line":7,"column":23}},"loc":{"start":{"line":7,"column":31},"end":{"line":15,"column":1}},"line":7},"2":{"name":"(anonymous_2)","decl":{"start":{"line":18,"column":7},"end":{"line":18,"column":8}},"loc":{"start":{"line":18,"column":23},"end":{"line":20,"column":3}},"line":18},"3":{"name":"(anonymous_3)","decl":{"start":{"line":22,"column":12},"end":{"line":22,"column":13}},"loc":{"start":{"line":22,"column":28},"end":{"line":24,"column":3}},"line":22},"4":{"name":"(anonymous_4)","decl":{"start":{"line":26,"column":10},"end":{"line":26,"column":11}},"loc":{"start":{"line":26,"column":26},"end":{"line":28,"column":3}},"line":26},"5":{"name":"(anonymous_5)","decl":{"start":{"line":30,"column":12},"end":{"line":30,"column":13}},"loc":{"start":{"line":30,"column":28},"end":{"line":32,"column":3}},"line":30},"6":{"name":"(anonymous_6)","decl":{"start":{"line":37,"column":21},"end":{"line":37,"column":22}},"loc":{"start":{"line":37,"column":37},"end":{"line":56,"column":1}},"line":37},"7":{"name":"(anonymous_7)","decl":{"start":{"line":58,"column":22},"end":{"line":58,"column":23}},"loc":{"start":{"line":58,"column":32},"end":{"line":64,"column":1}},"line":58}},"branchMap":{"0":{"loc":{"start":{"line":41,"column":4},"end":{"line":41,"column":66}},"type":"if","locations":[{"start":{"line":41,"column":4},"end":{"line":41,"column":66}},{"start":{},"end":{}}],"line":41},"1":{"loc":{"start":{"line":46,"column":6},"end":{"line":50,"column":7}},"type":"if","locations":[{"start":{"line":46,"column":6},"end":{"line":50,"column":7}},{"start":{"line":48,"column":13},"end":{"line":50,"column":7}}],"line":46},"2":{"loc":{"start":{"line":60,"column":4},"end":{"line":62,"column":5}},"type":"if","locations":[{"start":{"line":60,"column":4},"end":{"line":62,"column":5}},{"start":{},"end":{}}],"line":60},"3":{"loc":{"start":{"line":60,"column":8},"end":{"line":60,"column":65}},"type":"binary-expr","locations":[{"start":{"line":60,"column":8},"end":{"line":60,"column":19}},{"start":{"line":60,"column":23},"end":{"line":60,"column":34}},{"start":{"line":60,"column":38},"end":{"line":60,"column":49}},{"start":{"line":60,"column":53},"end":{"line":60,"column":65}}],"line":60}},"s":{"0":1,"1":2,"2":2,"3":1,"4":1,"5":1,"6":1,"7":6,"8":1,"9":1,"10":1,"11":1,"12":1,"13":1,"14":1,"15":1,"16":3,"17":3,"18":21,"19":13,"20":21,"21":21,"22":21,"23":21,"24":21,"25":0,"26":21,"27":21,"28":3,"29":1,"30":21,"31":21,"32":21,"33":0},"f":{"0":2,"1":1,"2":1,"3":1,"4":1,"5":1,"6":3,"7":21},"b":{"0":[13,8],"1":[21,0],"2":[21,0],"3":[21,0,0,0]},"_coverageSchema":"1a1c01bbd47fc00a2c39e90264f33305004495a9","hash":"8721d0a44beaa231c1619c16422d4d14915d4ed4"}
}
