TN:
SF:index.js
FN:1,(anonymous_0)
FN:7,(anonymous_1)
FN:18,(anonymous_2)
FN:22,(anonymous_3)
FN:26,(anonymous_4)
FN:30,(anonymous_5)
FN:37,(anonymous_6)
FN:58,(anonymous_7)
FNF:8
FNH:8
FNDA:2,(anonymous_0)
FNDA:1,(anonymous_1)
FNDA:1,(anonymous_2)
FNDA:1,(anonymous_3)
FNDA:1,(anonymous_4)
FNDA:1,(anonymous_5)
FNDA:3,(anonymous_6)
FNDA:21,(anonymous_7)
DA:1,1
DA:2,2
DA:4,2
DA:7,1
DA:8,1
DA:10,1
DA:11,6
DA:14,1
DA:17,1
DA:19,1
DA:23,1
DA:27,1
DA:31,1
DA:35,1
DA:37,1
DA:38,3
DA:40,3
DA:41,21
DA:42,21
DA:43,21
DA:44,21
DA:46,21
DA:47,21
DA:49,0
DA:52,21
DA:53,21
DA:55,3
DA:58,1
DA:59,21
DA:60,21
DA:61,21
DA:63,0
LF:32
LH:30
BRDA:41,0,0,13
BRDA:41,0,1,8
BRDA:46,1,0,21
BRDA:46,1,1,0
BRDA:60,2,0,21
BRDA:60,2,1,0
BRDA:60,3,0,21
BRDA:60,3,1,0
BRDA:60,3,2,0
BRDA:60,3,3,0
BRF:10
BRH:5
end_of_record
